{"/Users/risa/Documents/Courses/SoftwareTestingAssignment/src/add.js": {"path":"/Users/risa/Documents/Courses/SoftwareTestingAssignment/src/add.js","statementMap":{"0":{"start":{"line":16,"column":12},"end":{"line":16,"column":71}},"1":{"start":{"line":16,"column":52},"end":{"line":16,"column":67}}},"fnMap":{"0":{"name":"(anonymous_0)","decl":{"start":{"line":16,"column":32},"end":{"line":16,"column":33}},"loc":{"start":{"line":16,"column":52},"end":{"line":16,"column":67}},"line":16}},"branchMap":{},"s":{"0":1,"1":1},"f":{"0":1},"b":{},"_coverageSchema":"1a1c01bbd47fc00a2c39e90264f33305004495a9","hash":"ef713c0daf719103d31fb34f172c819c4d0e8956"}
,"/Users/risa/Documents/Courses/SoftwareTestingAssignment/src/castArray.js": {"path":"/Users/risa/Documents/Courses/SoftwareTestingAssignment/src/castArray.js","statementMap":{"0":{"start":{"line":34,"column":16},"end":{"line":34,"column":23}},"1":{"start":{"line":35,"column":2},"end":{"line":35,"column":47}}},"fnMap":{"0":{"name":"castArray","decl":{"start":{"line":33,"column":9},"end":{"line":33,"column":18}},"loc":{"start":{"line":33,"column":28},"end":{"line":36,"column":1}},"line":33}},"branchMap":{"0":{"loc":{"start":{"line":35,"column":9},"end":{"line":35,"column":47}},"type":"cond-expr","locations":[{"start":{"line":35,"column":32},"end":{"line":35,"column":37}},{"start":{"line":35,"column":40},"end":{"line":35,"column":47}}],"line":35}},"s":{"0":6,"1":6},"f":{"0":6},"b":{"0":[1,5]},"_coverageSchema":"1a1c01bbd47fc00a2c39e90264f33305004495a9","hash":"a7a9d0de8f58a85d028dce11881e571b66240b60"}
,"/Users/risa/Documents/Courses/SoftwareTestingAssignment/src/clamp.js": {"path":"/Users/risa/Documents/Courses/SoftwareTestingAssignment/src/clamp.js","statementMap":{"0":{"start":{"line":19,"column":2},"end":{"line":19,"column":18}},"1":{"start":{"line":20,"column":2},"end":{"line":20,"column":16}},"2":{"start":{"line":21,"column":2},"end":{"line":21,"column":16}},"3":{"start":{"line":22,"column":2},"end":{"line":22,"column":37}},"4":{"start":{"line":23,"column":2},"end":{"line":23,"column":37}},"5":{"start":{"line":24,"column":2},"end":{"line":27,"column":3}},"6":{"start":{"line":25,"column":4},"end":{"line":25,"column":45}},"7":{"start":{"line":26,"column":4},"end":{"line":26,"column":45}},"8":{"start":{"line":28,"column":2},"end":{"line":28,"column":15}}},"fnMap":{"0":{"name":"clamp","decl":{"start":{"line":18,"column":9},"end":{"line":18,"column":14}},"loc":{"start":{"line":18,"column":37},"end":{"line":29,"column":1}},"line":18}},"branchMap":{"0":{"loc":{"start":{"line":22,"column":10},"end":{"line":22,"column":37}},"type":"cond-expr","locations":[{"start":{"line":22,"column":28},"end":{"line":22,"column":33}},{"start":{"line":22,"column":36},"end":{"line":22,"column":37}}],"line":22},"1":{"loc":{"start":{"line":23,"column":10},"end":{"line":23,"column":37}},"type":"cond-expr","locations":[{"start":{"line":23,"column":28},"end":{"line":23,"column":33}},{"start":{"line":23,"column":36},"end":{"line":23,"column":37}}],"line":23},"2":{"loc":{"start":{"line":24,"column":2},"end":{"line":27,"column":3}},"type":"if","locations":[{"start":{"line":24,"column":2},"end":{"line":27,"column":3}},{"start":{},"end":{}}],"line":24},"3":{"loc":{"start":{"line":25,"column":13},"end":{"line":25,"column":45}},"type":"cond-expr","locations":[{"start":{"line":25,"column":31},"end":{"line":25,"column":37}},{"start":{"line":25,"column":40},"end":{"line":25,"column":45}}],"line":25},"4":{"loc":{"start":{"line":26,"column":13},"end":{"line":26,"column":45}},"type":"cond-expr","locations":[{"start":{"line":26,"column":31},"end":{"line":26,"column":37}},{"start":{"line":26,"column":40},"end":{"line":26,"column":45}}],"line":26}},"s":{"0":1,"1":1,"2":1,"3":1,"4":1,"5":1,"6":1,"7":1,"8":1},"f":{"0":1},"b":{"0":[1,0],"1":[1,0],"2":[1,0],"3":[0,1],"4":[0,1]},"_coverageSchema":"1a1c01bbd47fc00a2c39e90264f33305004495a9","hash":"1fa7bfb753b4729cb5a24d11e4389733d72502cd"}
,"/Users/risa/Documents/Courses/SoftwareTestingAssignment/src/compact.js": {"path":"/Users/risa/Documents/Courses/SoftwareTestingAssignment/src/compact.js","statementMap":{"0":{"start":{"line":15,"column":17},"end":{"line":15,"column":19}},"1":{"start":{"line":16,"column":17},"end":{"line":16,"column":19}},"2":{"start":{"line":18,"column":2},"end":{"line":22,"column":3}},"3":{"start":{"line":19,"column":4},"end":{"line":21,"column":5}},"4":{"start":{"line":20,"column":6},"end":{"line":20,"column":32}},"5":{"start":{"line":23,"column":2},"end":{"line":23,"column":15}}},"fnMap":{"0":{"name":"compact","decl":{"start":{"line":14,"column":9},"end":{"line":14,"column":16}},"loc":{"start":{"line":14,"column":24},"end":{"line":24,"column":1}},"line":14}},"branchMap":{"0":{"loc":{"start":{"line":19,"column":4},"end":{"line":21,"column":5}},"type":"if","locations":[{"start":{"line":19,"column":4},"end":{"line":21,"column":5}},{"start":{},"end":{}}],"line":19}},"s":{"0":0,"1":0,"2":0,"3":0,"4":0,"5":0},"f":{"0":0},"b":{"0":[0,0]},"_coverageSchema":"1a1c01bbd47fc00a2c39e90264f33305004495a9","hash":"949ffe144316b1d57a4c87789a6b80271b8d3587"}
,"/Users/risa/Documents/Courses/SoftwareTestingAssignment/src/endsWith.js": {"path":"/Users/risa/Documents/Courses/SoftwareTestingAssignment/src/endsWith.js","statementMap":{"0":{"start":{"line":24,"column":21},"end":{"line":24,"column":27}},"1":{"start":{"line":25,"column":2},"end":{"line":25,"column":56}},"2":{"start":{"line":26,"column":2},"end":{"line":31,"column":3}},"3":{"start":{"line":27,"column":4},"end":{"line":27,"column":16}},"4":{"start":{"line":29,"column":7},"end":{"line":31,"column":3}},"5":{"start":{"line":30,"column":4},"end":{"line":30,"column":21}},"6":{"start":{"line":32,"column":14},"end":{"line":32,"column":22}},"7":{"start":{"line":33,"column":2},"end":{"line":33,"column":27}},"8":{"start":{"line":34,"column":2},"end":{"line":34,"column":63}}},"fnMap":{"0":{"name":"endsWith","decl":{"start":{"line":23,"column":9},"end":{"line":23,"column":17}},"loc":{"start":{"line":23,"column":44},"end":{"line":35,"column":1}},"line":23}},"branchMap":{"0":{"loc":{"start":{"line":25,"column":13},"end":{"line":25,"column":56}},"type":"cond-expr","locations":[{"start":{"line":25,"column":38},"end":{"line":25,"column":44}},{"start":{"line":25,"column":47},"end":{"line":25,"column":56}}],"line":25},"1":{"loc":{"start":{"line":26,"column":2},"end":{"line":31,"column":3}},"type":"if","locations":[{"start":{"line":26,"column":2},"end":{"line":31,"column":3}},{"start":{"line":29,"column":7},"end":{"line":31,"column":3}}],"line":26},"2":{"loc":{"start":{"line":26,"column":6},"end":{"line":26,"column":42}},"type":"binary-expr","locations":[{"start":{"line":26,"column":6},"end":{"line":26,"column":18}},{"start":{"line":26,"column":22},"end":{"line":26,"column":42}}],"line":26},"3":{"loc":{"start":{"line":29,"column":7},"end":{"line":31,"column":3}},"type":"if","locations":[{"start":{"line":29,"column":7},"end":{"line":31,"column":3}},{"start":{},"end":{}}],"line":29},"4":{"loc":{"start":{"line":34,"column":9},"end":{"line":34,"column":63}},"type":"binary-expr","locations":[{"start":{"line":34,"column":9},"end":{"line":34,"column":22}},{"start":{"line":34,"column":26},"end":{"line":34,"column":63}}],"line":34}},"s":{"0":4,"1":4,"2":4,"3":0,"4":4,"5":1,"6":4,"7":4,"8":4},"f":{"0":4},"b":{"0":[2,2],"1":[0,4],"2":[4,4],"3":[1,3],"4":[4,4]},"_coverageSchema":"1a1c01bbd47fc00a2c39e90264f33305004495a9","hash":"02d67572d5b0b373364d064688f28cb175843568"}
,"/Users/risa/Documents/Courses/SoftwareTestingAssignment/src/every.js": {"path":"/Users/risa/Documents/Courses/SoftwareTestingAssignment/src/every.js","statementMap":{"0":{"start":{"line":23,"column":14},"end":{"line":23,"column":16}},"1":{"start":{"line":24,"column":17},"end":{"line":24,"column":49}},"2":{"start":{"line":26,"column":2},"end":{"line":30,"column":3}},"3":{"start":{"line":27,"column":4},"end":{"line":29,"column":5}},"4":{"start":{"line":28,"column":6},"end":{"line":28,"column":18}},"5":{"start":{"line":31,"column":2},"end":{"line":31,"column":13}}},"fnMap":{"0":{"name":"every","decl":{"start":{"line":22,"column":9},"end":{"line":22,"column":14}},"loc":{"start":{"line":22,"column":33},"end":{"line":32,"column":1}},"line":22}},"branchMap":{"0":{"loc":{"start":{"line":24,"column":17},"end":{"line":24,"column":49}},"type":"cond-expr","locations":[{"start":{"line":24,"column":33},"end":{"line":24,"column":34}},{"start":{"line":24,"column":37},"end":{"line":24,"column":49}}],"line":24},"1":{"loc":{"start":{"line":27,"column":4},"end":{"line":29,"column":5}},"type":"if","locations":[{"start":{"line":27,"column":4},"end":{"line":29,"column":5}},{"start":{},"end":{}}],"line":27}},"s":{"0":2,"1":2,"2":2,"3":7,"4":1,"5":1},"f":{"0":2},"b":{"0":[0,2],"1":[1,6]},"_coverageSchema":"1a1c01bbd47fc00a2c39e90264f33305004495a9","hash":"70bd21d48b12d15626888b21ecd4111b74ac712e"}
,"/Users/risa/Documents/Courses/SoftwareTestingAssignment/src/filter.js": {"path":"/Users/risa/Documents/Courses/SoftwareTestingAssignment/src/filter.js","statementMap":{"0":{"start":{"line":25,"column":14},"end":{"line":25,"column":16}},"1":{"start":{"line":26,"column":17},"end":{"line":26,"column":18}},"2":{"start":{"line":27,"column":17},"end":{"line":27,"column":49}},"3":{"start":{"line":28,"column":17},"end":{"line":28,"column":21}},"4":{"start":{"line":30,"column":2},"end":{"line":35,"column":3}},"5":{"start":{"line":31,"column":18},"end":{"line":31,"column":30}},"6":{"start":{"line":32,"column":4},"end":{"line":34,"column":5}},"7":{"start":{"line":33,"column":6},"end":{"line":33,"column":32}},"8":{"start":{"line":36,"column":2},"end":{"line":36,"column":15}}},"fnMap":{"0":{"name":"filter","decl":{"start":{"line":24,"column":9},"end":{"line":24,"column":15}},"loc":{"start":{"line":24,"column":34},"end":{"line":37,"column":1}},"line":24}},"branchMap":{"0":{"loc":{"start":{"line":27,"column":17},"end":{"line":27,"column":49}},"type":"cond-expr","locations":[{"start":{"line":27,"column":33},"end":{"line":27,"column":34}},{"start":{"line":27,"column":37},"end":{"line":27,"column":49}}],"line":27},"1":{"loc":{"start":{"line":32,"column":4},"end":{"line":34,"column":5}},"type":"if","locations":[{"start":{"line":32,"column":4},"end":{"line":34,"column":5}},{"start":{},"end":{}}],"line":32}},"s":{"0":2,"1":2,"2":2,"3":2,"4":2,"5":4,"6":4,"7":2,"8":2},"f":{"0":2},"b":{"0":[0,2],"1":[2,2]},"_coverageSchema":"1a1c01bbd47fc00a2c39e90264f33305004495a9","hash":"33f682c7fb5b22d06946ab14cd439fca23317a25"}
,"/Users/risa/Documents/Courses/SoftwareTestingAssignment/src/isBoolean.js": {"path":"/Users/risa/Documents/Courses/SoftwareTestingAssignment/src/isBoolean.js","statementMap":{"0":{"start":{"line":20,"column":2},"end":{"line":21,"column":64}}},"fnMap":{"0":{"name":"isBoolean","decl":{"start":{"line":19,"column":9},"end":{"line":19,"column":18}},"loc":{"start":{"line":19,"column":26},"end":{"line":22,"column":1}},"line":19}},"branchMap":{"0":{"loc":{"start":{"line":20,"column":9},"end":{"line":21,"column":64}},"type":"binary-expr","locations":[{"start":{"line":20,"column":9},"end":{"line":20,"column":23}},{"start":{"line":20,"column":27},"end":{"line":20,"column":42}},{"start":{"line":21,"column":5},"end":{"line":21,"column":24}},{"start":{"line":21,"column":28},"end":{"line":21,"column":63}}],"line":20}},"s":{"0":5},"f":{"0":5},"b":{"0":[5,4,3,1]},"_coverageSchema":"1a1c01bbd47fc00a2c39e90264f33305004495a9","hash":"57cb88c045ed39b9c9920288b109741808c24cc0"}
,"/Users/risa/Documents/Courses/SoftwareTestingAssignment/src/isDate.js": {"path":"/Users/risa/Documents/Courses/SoftwareTestingAssignment/src/isDate.js","statementMap":{"0":{"start":{"line":6,"column":19},"end":{"line":6,"column":48}},"1":{"start":{"line":23,"column":15},"end":{"line":25,"column":70}},"2":{"start":{"line":24,"column":15},"end":{"line":24,"column":32}},"3":{"start":{"line":25,"column":15},"end":{"line":25,"column":70}}},"fnMap":{"0":{"name":"(anonymous_0)","decl":{"start":{"line":24,"column":4},"end":{"line":24,"column":5}},"loc":{"start":{"line":24,"column":15},"end":{"line":24,"column":32}},"line":24},"1":{"name":"(anonymous_1)","decl":{"start":{"line":25,"column":4},"end":{"line":25,"column":5}},"loc":{"start":{"line":25,"column":15},"end":{"line":25,"column":70}},"line":25}},"branchMap":{"0":{"loc":{"start":{"line":6,"column":19},"end":{"line":6,"column":48}},"type":"binary-expr","locations":[{"start":{"line":6,"column":19},"end":{"line":6,"column":28}},{"start":{"line":6,"column":32},"end":{"line":6,"column":48}}],"line":6},"1":{"loc":{"start":{"line":23,"column":15},"end":{"line":25,"column":70}},"type":"cond-expr","locations":[{"start":{"line":24,"column":4},"end":{"line":24,"column":32}},{"start":{"line":25,"column":4},"end":{"line":25,"column":70}}],"line":23},"2":{"loc":{"start":{"line":25,"column":15},"end":{"line":25,"column":70}},"type":"binary-expr","locations":[{"start":{"line":25,"column":15},"end":{"line":25,"column":34}},{"start":{"line":25,"column":38},"end":{"line":25,"column":70}}],"line":25}},"s":{"0":1,"1":1,"2":2,"3":0},"f":{"0":2,"1":0},"b":{"0":[1,1],"1":[1,0],"2":[0,0]},"_coverageSchema":"1a1c01bbd47fc00a2c39e90264f33305004495a9","hash":"3e8d09a3a697cc09eb0ffef290711031a6486df6"}
,"/Users/risa/Documents/Courses/SoftwareTestingAssignment/src/isObjectLike.js": {"path":"/Users/risa/Documents/Courses/SoftwareTestingAssignment/src/isObjectLike.js","statementMap":{"0":{"start":{"line":24,"column":2},"end":{"line":24,"column":52}}},"fnMap":{"0":{"name":"isObjectLike","decl":{"start":{"line":23,"column":9},"end":{"line":23,"column":21}},"loc":{"start":{"line":23,"column":29},"end":{"line":25,"column":1}},"line":23}},"branchMap":{"0":{"loc":{"start":{"line":24,"column":9},"end":{"line":24,"column":52}},"type":"binary-expr","locations":[{"start":{"line":24,"column":9},"end":{"line":24,"column":34}},{"start":{"line":24,"column":38},"end":{"line":24,"column":52}}],"line":24}},"s":{"0":3},"f":{"0":3},"b":{"0":[3,2]},"_coverageSchema":"1a1c01bbd47fc00a2c39e90264f33305004495a9","hash":"704028458e259b22322b06e0151024b5d0ad7693"}
,"/Users/risa/Documents/Courses/SoftwareTestingAssignment/src/isSymbol.js": {"path":"/Users/risa/Documents/Courses/SoftwareTestingAssignment/src/isSymbol.js","statementMap":{"0":{"start":{"line":19,"column":15},"end":{"line":19,"column":27}},"1":{"start":{"line":20,"column":2},"end":{"line":20,"column":103}}},"fnMap":{"0":{"name":"isSymbol","decl":{"start":{"line":18,"column":9},"end":{"line":18,"column":17}},"loc":{"start":{"line":18,"column":25},"end":{"line":21,"column":1}},"line":18}},"branchMap":{"0":{"loc":{"start":{"line":20,"column":9},"end":{"line":20,"column":103}},"type":"binary-expr","locations":[{"start":{"line":20,"column":9},"end":{"line":20,"column":25}},{"start":{"line":20,"column":30},"end":{"line":20,"column":47}},{"start":{"line":20,"column":51},"end":{"line":20,"column":64}},{"start":{"line":20,"column":68},"end":{"line":20,"column":102}}],"line":20}},"s":{"0":0,"1":0},"f":{"0":0},"b":{"0":[0,0,0,0]},"_coverageSchema":"1a1c01bbd47fc00a2c39e90264f33305004495a9","hash":"1d6c57cd952dbf6bf71cd7c97b3032cf7064c950"}
,"/Users/risa/Documents/Courses/SoftwareTestingAssignment/src/slice.js": {"path":"/Users/risa/Documents/Courses/SoftwareTestingAssignment/src/slice.js","statementMap":{"0":{"start":{"line":22,"column":15},"end":{"line":22,"column":47}},"1":{"start":{"line":23,"column":2},"end":{"line":25,"column":3}},"2":{"start":{"line":24,"column":4},"end":{"line":24,"column":13}},"3":{"start":{"line":26,"column":2},"end":{"line":26,"column":35}},"4":{"start":{"line":27,"column":2},"end":{"line":27,"column":40}},"5":{"start":{"line":29,"column":2},"end":{"line":31,"column":3}},"6":{"start":{"line":30,"column":4},"end":{"line":30,"column":50}},"7":{"start":{"line":32,"column":2},"end":{"line":34,"column":3}},"8":{"start":{"line":33,"column":4},"end":{"line":33,"column":17}},"9":{"start":{"line":35,"column":2},"end":{"line":35,"column":50}},"10":{"start":{"line":36,"column":2},"end":{"line":36,"column":14}},"11":{"start":{"line":38,"column":14},"end":{"line":38,"column":16}},"12":{"start":{"line":39,"column":17},"end":{"line":39,"column":34}},"13":{"start":{"line":40,"column":2},"end":{"line":42,"column":3}},"14":{"start":{"line":41,"column":4},"end":{"line":41,"column":40}},"15":{"start":{"line":43,"column":2},"end":{"line":43,"column":15}}},"fnMap":{"0":{"name":"slice","decl":{"start":{"line":21,"column":9},"end":{"line":21,"column":14}},"loc":{"start":{"line":21,"column":34},"end":{"line":44,"column":1}},"line":21}},"branchMap":{"0":{"loc":{"start":{"line":22,"column":15},"end":{"line":22,"column":47}},"type":"cond-expr","locations":[{"start":{"line":22,"column":31},"end":{"line":22,"column":32}},{"start":{"line":22,"column":35},"end":{"line":22,"column":47}}],"line":22},"1":{"loc":{"start":{"line":23,"column":2},"end":{"line":25,"column":3}},"type":"if","locations":[{"start":{"line":23,"column":2},"end":{"line":25,"column":3}},{"start":{},"end":{}}],"line":23},"2":{"loc":{"start":{"line":26,"column":10},"end":{"line":26,"column":35}},"type":"cond-expr","locations":[{"start":{"line":26,"column":26},"end":{"line":26,"column":27}},{"start":{"line":26,"column":30},"end":{"line":26,"column":35}}],"line":26},"3":{"loc":{"start":{"line":27,"column":8},"end":{"line":27,"column":40}},"type":"cond-expr","locations":[{"start":{"line":27,"column":28},"end":{"line":27,"column":34}},{"start":{"line":27,"column":37},"end":{"line":27,"column":40}}],"line":27},"4":{"loc":{"start":{"line":29,"column":2},"end":{"line":31,"column":3}},"type":"if","locations":[{"start":{"line":29,"column":2},"end":{"line":31,"column":3}},{"start":{},"end":{}}],"line":29},"5":{"loc":{"start":{"line":30,"column":12},"end":{"line":30,"column":50}},"type":"cond-expr","locations":[{"start":{"line":30,"column":30},"end":{"line":30,"column":31}},{"start":{"line":30,"column":35},"end":{"line":30,"column":49}}],"line":30},"6":{"loc":{"start":{"line":32,"column":2},"end":{"line":34,"column":3}},"type":"if","locations":[{"start":{"line":32,"column":2},"end":{"line":34,"column":3}},{"start":{},"end":{}}],"line":32},"7":{"loc":{"start":{"line":35,"column":11},"end":{"line":35,"column":50}},"type":"cond-expr","locations":[{"start":{"line":35,"column":25},"end":{"line":35,"column":26}},{"start":{"line":35,"column":30},"end":{"line":35,"column":49}}],"line":35}},"s":{"0":0,"1":0,"2":0,"3":0,"4":0,"5":0,"6":0,"7":0,"8":0,"9":0,"10":0,"11":0,"12":0,"13":0,"14":0,"15":0},"f":{"0":0},"b":{"0":[0,0],"1":[0,0],"2":[0,0],"3":[0,0],"4":[0,0],"5":[0,0],"6":[0,0],"7":[0,0]},"_coverageSchema":"1a1c01bbd47fc00a2c39e90264f33305004495a9","hash":"46f83bc2e6132834133260d38fc3c75c87ddbc72"}
,"/Users/risa/Documents/Courses/SoftwareTestingAssignment/src/upperFirst.js": {"path":"/Users/risa/Documents/Courses/SoftwareTestingAssignment/src/upperFirst.js","statementMap":{"0":{"start":{"line":19,"column":19},"end":{"line":19,"column":49}}},"fnMap":{},"branchMap":{},"s":{"0":1},"f":{},"b":{},"_coverageSchema":"1a1c01bbd47fc00a2c39e90264f33305004495a9","hash":"fc75fe8b7af78635c1db2b1685c6ae3503edd18c"}
,"/Users/risa/Documents/Courses/SoftwareTestingAssignment/src/.internal/asciiToArray.js": {"path":"/Users/risa/Documents/Courses/SoftwareTestingAssignment/src/.internal/asciiToArray.js","statementMap":{"0":{"start":{"line":9,"column":2},"end":{"line":9,"column":25}}},"fnMap":{"0":{"name":"asciiToArray","decl":{"start":{"line":8,"column":9},"end":{"line":8,"column":21}},"loc":{"start":{"line":8,"column":30},"end":{"line":10,"column":1}},"line":8}},"branchMap":{},"s":{"0":0},"f":{"0":0},"b":{},"_coverageSchema":"1a1c01bbd47fc00a2c39e90264f33305004495a9","hash":"e2a0d10cfce22ed6213d4a6117f938969edf9414"}
,"/Users/risa/Documents/Courses/SoftwareTestingAssignment/src/.internal/baseToNumber.js": {"path":"/Users/risa/Documents/Courses/SoftwareTestingAssignment/src/.internal/baseToNumber.js","statementMap":{"0":{"start":{"line":4,"column":12},"end":{"line":4,"column":17}},"1":{"start":{"line":15,"column":2},"end":{"line":17,"column":3}},"2":{"start":{"line":16,"column":4},"end":{"line":16,"column":16}},"3":{"start":{"line":18,"column":2},"end":{"line":20,"column":3}},"4":{"start":{"line":19,"column":4},"end":{"line":19,"column":14}},"5":{"start":{"line":21,"column":2},"end":{"line":21,"column":15}}},"fnMap":{"0":{"name":"baseToNumber","decl":{"start":{"line":14,"column":9},"end":{"line":14,"column":21}},"loc":{"start":{"line":14,"column":29},"end":{"line":22,"column":1}},"line":14}},"branchMap":{"0":{"loc":{"start":{"line":15,"column":2},"end":{"line":17,"column":3}},"type":"if","locations":[{"start":{"line":15,"column":2},"end":{"line":17,"column":3}},{"start":{},"end":{}}],"line":15},"1":{"loc":{"start":{"line":18,"column":2},"end":{"line":20,"column":3}},"type":"if","locations":[{"start":{"line":18,"column":2},"end":{"line":20,"column":3}},{"start":{},"end":{}}],"line":18}},"s":{"0":1,"1":2,"2":2,"3":0,"4":0,"5":0},"f":{"0":2},"b":{"0":[2,0],"1":[0,0]},"_coverageSchema":"1a1c01bbd47fc00a2c39e90264f33305004495a9","hash":"4d51a147ca7129eb48c1f07b2b828397740e474f"}
,"/Users/risa/Documents/Courses/SoftwareTestingAssignment/src/.internal/baseToString.js": {"path":"/Users/risa/Documents/Courses/SoftwareTestingAssignment/src/.internal/baseToString.js","statementMap":{"0":{"start":{"line":4,"column":17},"end":{"line":4,"column":22}},"1":{"start":{"line":7,"column":23},"end":{"line":7,"column":48}},"2":{"start":{"line":19,"column":2},"end":{"line":21,"column":3}},"3":{"start":{"line":20,"column":4},"end":{"line":20,"column":16}},"4":{"start":{"line":22,"column":2},"end":{"line":25,"column":3}},"5":{"start":{"line":24,"column":4},"end":{"line":24,"column":39}},"6":{"start":{"line":26,"column":2},"end":{"line":28,"column":3}},"7":{"start":{"line":27,"column":4},"end":{"line":27,"column":59}},"8":{"start":{"line":29,"column":17},"end":{"line":29,"column":27}},"9":{"start":{"line":30,"column":2},"end":{"line":30,"column":68}}},"fnMap":{"0":{"name":"baseToString","decl":{"start":{"line":17,"column":9},"end":{"line":17,"column":21}},"loc":{"start":{"line":17,"column":29},"end":{"line":31,"column":1}},"line":17}},"branchMap":{"0":{"loc":{"start":{"line":19,"column":2},"end":{"line":21,"column":3}},"type":"if","locations":[{"start":{"line":19,"column":2},"end":{"line":21,"column":3}},{"start":{},"end":{}}],"line":19},"1":{"loc":{"start":{"line":22,"column":2},"end":{"line":25,"column":3}},"type":"if","locations":[{"start":{"line":22,"column":2},"end":{"line":25,"column":3}},{"start":{},"end":{}}],"line":22},"2":{"loc":{"start":{"line":26,"column":2},"end":{"line":28,"column":3}},"type":"if","locations":[{"start":{"line":26,"column":2},"end":{"line":28,"column":3}},{"start":{},"end":{}}],"line":26},"3":{"loc":{"start":{"line":27,"column":11},"end":{"line":27,"column":59}},"type":"cond-expr","locations":[{"start":{"line":27,"column":28},"end":{"line":27,"column":54}},{"start":{"line":27,"column":57},"end":{"line":27,"column":59}}],"line":27},"4":{"loc":{"start":{"line":30,"column":9},"end":{"line":30,"column":68}},"type":"cond-expr","locations":[{"start":{"line":30,"column":55},"end":{"line":30,"column":59}},{"start":{"line":30,"column":62},"end":{"line":30,"column":68}}],"line":30},"5":{"loc":{"start":{"line":30,"column":10},"end":{"line":30,"column":51}},"type":"binary-expr","locations":[{"start":{"line":30,"column":10},"end":{"line":30,"column":23}},{"start":{"line":30,"column":27},"end":{"line":30,"column":51}}],"line":30}},"s":{"0":1,"1":1,"2":0,"3":0,"4":0,"5":0,"6":0,"7":0,"8":0,"9":0},"f":{"0":0},"b":{"0":[0,0],"1":[0,0],"2":[0,0],"3":[0,0],"4":[0,0],"5":[0,0]},"_coverageSchema":"1a1c01bbd47fc00a2c39e90264f33305004495a9","hash":"40e4ef2f87417eeed0772a6f570a2446848b5c7f"}
,"/Users/risa/Documents/Courses/SoftwareTestingAssignment/src/.internal/castSlice.js": {"path":"/Users/risa/Documents/Courses/SoftwareTestingAssignment/src/.internal/castSlice.js","statementMap":{"0":{"start":{"line":13,"column":21},"end":{"line":13,"column":26}},"1":{"start":{"line":14,"column":2},"end":{"line":14,"column":40}},"2":{"start":{"line":15,"column":2},"end":{"line":15,"column":69}}},"fnMap":{"0":{"name":"castSlice","decl":{"start":{"line":12,"column":9},"end":{"line":12,"column":18}},"loc":{"start":{"line":12,"column":38},"end":{"line":16,"column":1}},"line":12}},"branchMap":{"0":{"loc":{"start":{"line":14,"column":8},"end":{"line":14,"column":40}},"type":"cond-expr","locations":[{"start":{"line":14,"column":28},"end":{"line":14,"column":34}},{"start":{"line":14,"column":37},"end":{"line":14,"column":40}}],"line":14},"1":{"loc":{"start":{"line":15,"column":9},"end":{"line":15,"column":69}},"type":"cond-expr","locations":[{"start":{"line":15,"column":37},"end":{"line":15,"column":42}},{"start":{"line":15,"column":45},"end":{"line":15,"column":69}}],"line":15},"2":{"loc":{"start":{"line":15,"column":10},"end":{"line":15,"column":33}},"type":"binary-expr","locations":[{"start":{"line":15,"column":10},"end":{"line":15,"column":16}},{"start":{"line":15,"column":20},"end":{"line":15,"column":33}}],"line":15}},"s":{"0":0,"1":0,"2":0},"f":{"0":0},"b":{"0":[0,0],"1":[0,0],"2":[0,0]},"_coverageSchema":"1a1c01bbd47fc00a2c39e90264f33305004495a9","hash":"6b8f8c7a51e80f6094f8061904d16f9e1bc00a4b"}
,"/Users/risa/Documents/Courses/SoftwareTestingAssignment/src/.internal/createCaseFirst.js": {"path":"/Users/risa/Documents/Courses/SoftwareTestingAssignment/src/.internal/createCaseFirst.js","statementMap":{"0":{"start":{"line":13,"column":2},"end":{"line":31,"column":3}},"1":{"start":{"line":14,"column":4},"end":{"line":16,"column":5}},"2":{"start":{"line":15,"column":6},"end":{"line":15,"column":15}},"3":{"start":{"line":18,"column":23},"end":{"line":20,"column":17}},"4":{"start":{"line":22,"column":16},"end":{"line":24,"column":17}},"5":{"start":{"line":26,"column":21},"end":{"line":28,"column":23}},"6":{"start":{"line":30,"column":4},"end":{"line":30,"column":39}}},"fnMap":{"0":{"name":"createCaseFirst","decl":{"start":{"line":12,"column":9},"end":{"line":12,"column":24}},"loc":{"start":{"line":12,"column":37},"end":{"line":32,"column":1}},"line":12},"1":{"name":"(anonymous_1)","decl":{"start":{"line":13,"column":9},"end":{"line":13,"column":10}},"loc":{"start":{"line":13,"column":21},"end":{"line":31,"column":3}},"line":13}},"branchMap":{"0":{"loc":{"start":{"line":14,"column":4},"end":{"line":16,"column":5}},"type":"if","locations":[{"start":{"line":14,"column":4},"end":{"line":16,"column":5}},{"start":{},"end":{}}],"line":14},"1":{"loc":{"start":{"line":18,"column":23},"end":{"line":20,"column":17}},"type":"cond-expr","locations":[{"start":{"line":19,"column":8},"end":{"line":19,"column":29}},{"start":{"line":20,"column":8},"end":{"line":20,"column":17}}],"line":18},"2":{"loc":{"start":{"line":22,"column":16},"end":{"line":24,"column":17}},"type":"cond-expr","locations":[{"start":{"line":23,"column":8},"end":{"line":23,"column":21}},{"start":{"line":24,"column":8},"end":{"line":24,"column":17}}],"line":22},"3":{"loc":{"start":{"line":26,"column":21},"end":{"line":28,"column":23}},"type":"cond-expr","locations":[{"start":{"line":27,"column":8},"end":{"line":27,"column":41}},{"start":{"line":28,"column":8},"end":{"line":28,"column":23}}],"line":26}},"s":{"0":1,"1":2,"2":0,"3":2,"4":2,"5":2,"6":2},"f":{"0":1,"1":2},"b":{"0":[0,2],"1":[0,2],"2":[0,2],"3":[0,2]},"_coverageSchema":"1a1c01bbd47fc00a2c39e90264f33305004495a9","hash":"bae65f3453d1493c880a123fc3e98d2facdfa09b"}
,"/Users/risa/Documents/Courses/SoftwareTestingAssignment/src/.internal/createMathOperation.js": {"path":"/Users/risa/Documents/Courses/SoftwareTestingAssignment/src/.internal/createMathOperation.js","statementMap":{"0":{"start":{"line":13,"column":2},"end":{"line":32,"column":3}},"1":{"start":{"line":14,"column":4},"end":{"line":16,"column":5}},"2":{"start":{"line":15,"column":6},"end":{"line":15,"column":25}},"3":{"start":{"line":17,"column":4},"end":{"line":19,"column":5}},"4":{"start":{"line":18,"column":6},"end":{"line":18,"column":18}},"5":{"start":{"line":20,"column":4},"end":{"line":22,"column":5}},"6":{"start":{"line":21,"column":6},"end":{"line":21,"column":18}},"7":{"start":{"line":23,"column":4},"end":{"line":30,"column":5}},"8":{"start":{"line":24,"column":6},"end":{"line":24,"column":33}},"9":{"start":{"line":25,"column":6},"end":{"line":25,"column":33}},"10":{"start":{"line":28,"column":6},"end":{"line":28,"column":33}},"11":{"start":{"line":29,"column":6},"end":{"line":29,"column":33}},"12":{"start":{"line":31,"column":4},"end":{"line":31,"column":33}}},"fnMap":{"0":{"name":"createMathOperation","decl":{"start":{"line":12,"column":9},"end":{"line":12,"column":28}},"loc":{"start":{"line":12,"column":53},"end":{"line":33,"column":1}},"line":12},"1":{"name":"(anonymous_1)","decl":{"start":{"line":13,"column":9},"end":{"line":13,"column":10}},"loc":{"start":{"line":13,"column":27},"end":{"line":32,"column":3}},"line":13}},"branchMap":{"0":{"loc":{"start":{"line":14,"column":4},"end":{"line":16,"column":5}},"type":"if","locations":[{"start":{"line":14,"column":4},"end":{"line":16,"column":5}},{"start":{},"end":{}}],"line":14},"1":{"loc":{"start":{"line":14,"column":8},"end":{"line":14,"column":50}},"type":"binary-expr","locations":[{"start":{"line":14,"column":8},"end":{"line":14,"column":27}},{"start":{"line":14,"column":31},"end":{"line":14,"column":50}}],"line":14},"2":{"loc":{"start":{"line":17,"column":4},"end":{"line":19,"column":5}},"type":"if","locations":[{"start":{"line":17,"column":4},"end":{"line":19,"column":5}},{"start":{},"end":{}}],"line":17},"3":{"loc":{"start":{"line":17,"column":8},"end":{"line":17,"column":50}},"type":"binary-expr","locations":[{"start":{"line":17,"column":8},"end":{"line":17,"column":27}},{"start":{"line":17,"column":31},"end":{"line":17,"column":50}}],"line":17},"4":{"loc":{"start":{"line":20,"column":4},"end":{"line":22,"column":5}},"type":"if","locations":[{"start":{"line":20,"column":4},"end":{"line":22,"column":5}},{"start":{},"end":{}}],"line":20},"5":{"loc":{"start":{"line":20,"column":8},"end":{"line":20,"column":50}},"type":"binary-expr","locations":[{"start":{"line":20,"column":8},"end":{"line":20,"column":27}},{"start":{"line":20,"column":31},"end":{"line":20,"column":50}}],"line":20},"6":{"loc":{"start":{"line":23,"column":4},"end":{"line":30,"column":5}},"type":"if","locations":[{"start":{"line":23,"column":4},"end":{"line":30,"column":5}},{"start":{"line":27,"column":9},"end":{"line":30,"column":5}}],"line":23},"7":{"loc":{"start":{"line":23,"column":8},"end":{"line":23,"column":62}},"type":"binary-expr","locations":[{"start":{"line":23,"column":8},"end":{"line":23,"column":33}},{"start":{"line":23,"column":37},"end":{"line":23,"column":62}}],"line":23}},"s":{"0":1,"1":1,"2":0,"3":1,"4":0,"5":1,"6":0,"7":1,"8":0,"9":0,"10":1,"11":1,"12":1},"f":{"0":1,"1":1},"b":{"0":[0,1],"1":[1,0],"2":[0,1],"3":[1,1],"4":[0,1],"5":[1,1],"6":[0,1],"7":[1,1]},"_coverageSchema":"1a1c01bbd47fc00a2c39e90264f33305004495a9","hash":"7a371cae245c5096929b6303c5d04a02e5c7d04c"}
,"/Users/risa/Documents/Courses/SoftwareTestingAssignment/src/.internal/freeGlobal.js": {"path":"/Users/risa/Documents/Courses/SoftwareTestingAssignment/src/.internal/freeGlobal.js","statementMap":{"0":{"start":{"line":2,"column":19},"end":{"line":2,"column":102}}},"fnMap":{},"branchMap":{"0":{"loc":{"start":{"line":2,"column":19},"end":{"line":2,"column":102}},"type":"binary-expr","locations":[{"start":{"line":2,"column":19},"end":{"line":2,"column":45}},{"start":{"line":2,"column":49},"end":{"line":2,"column":64}},{"start":{"line":2,"column":68},"end":{"line":2,"column":92}},{"start":{"line":2,"column":96},"end":{"line":2,"column":102}}],"line":2}},"s":{"0":1},"f":{},"b":{"0":[1,1,1,1]},"_coverageSchema":"1a1c01bbd47fc00a2c39e90264f33305004495a9","hash":"dc29f7d1b292b2739111f2089c32597d819f95e7"}
,"/Users/risa/Documents/Courses/SoftwareTestingAssignment/src/.internal/getTag.js": {"path":"/Users/risa/Documents/Courses/SoftwareTestingAssignment/src/.internal/getTag.js","statementMap":{"0":{"start":{"line":1,"column":17},"end":{"line":1,"column":42}},"1":{"start":{"line":11,"column":2},"end":{"line":13,"column":3}},"2":{"start":{"line":12,"column":4},"end":{"line":12,"column":71}},"3":{"start":{"line":14,"column":2},"end":{"line":14,"column":29}}},"fnMap":{"0":{"name":"getTag","decl":{"start":{"line":10,"column":9},"end":{"line":10,"column":15}},"loc":{"start":{"line":10,"column":23},"end":{"line":15,"column":1}},"line":10}},"branchMap":{"0":{"loc":{"start":{"line":11,"column":2},"end":{"line":13,"column":3}},"type":"if","locations":[{"start":{"line":11,"column":2},"end":{"line":13,"column":3}},{"start":{},"end":{}}],"line":11},"1":{"loc":{"start":{"line":12,"column":11},"end":{"line":12,"column":71}},"type":"cond-expr","locations":[{"start":{"line":12,"column":33},"end":{"line":12,"column":53}},{"start":{"line":12,"column":56},"end":{"line":12,"column":71}}],"line":12}},"s":{"0":3,"1":1,"2":0,"3":1},"f":{"0":1},"b":{"0":[0,1],"1":[0,0]},"_coverageSchema":"1a1c01bbd47fc00a2c39e90264f33305004495a9","hash":"4571be03408ef6b1f78a050d52efa7554fec2855"}
,"/Users/risa/Documents/Courses/SoftwareTestingAssignment/src/.internal/hasUnicode.js": {"path":"/Users/risa/Documents/Courses/SoftwareTestingAssignment/src/.internal/hasUnicode.js","statementMap":{"0":{"start":{"line":2,"column":22},"end":{"line":2,"column":39}},"1":{"start":{"line":3,"column":26},"end":{"line":3,"column":43}},"2":{"start":{"line":4,"column":30},"end":{"line":4,"column":47}},"3":{"start":{"line":5,"column":28},"end":{"line":5,"column":45}},"4":{"start":{"line":6,"column":34},"end":{"line":6,"column":51}},"5":{"start":{"line":7,"column":36},"end":{"line":7,"column":53}},"6":{"start":{"line":8,"column":21},"end":{"line":8,"column":142}},"7":{"start":{"line":9,"column":19},"end":{"line":9,"column":35}},"8":{"start":{"line":12,"column":14},"end":{"line":12,"column":23}},"9":{"start":{"line":15,"column":21},"end":{"line":15,"column":85}},"10":{"start":{"line":25,"column":2},"end":{"line":25,"column":34}}},"fnMap":{"0":{"name":"hasUnicode","decl":{"start":{"line":24,"column":9},"end":{"line":24,"column":19}},"loc":{"start":{"line":24,"column":28},"end":{"line":26,"column":1}},"line":24}},"branchMap":{},"s":{"0":1,"1":1,"2":1,"3":1,"4":1,"5":1,"6":1,"7":1,"8":1,"9":1,"10":2},"f":{"0":2},"b":{},"_coverageSchema":"1a1c01bbd47fc00a2c39e90264f33305004495a9","hash":"d32962fbb47630421834c05075667544962f1f8e"}
,"/Users/risa/Documents/Courses/SoftwareTestingAssignment/src/.internal/nodeTypes.js": {"path":"/Users/risa/Documents/Courses/SoftwareTestingAssignment/src/.internal/nodeTypes.js","statementMap":{"0":{"start":{"line":4,"column":20},"end":{"line":4,"column":99}},"1":{"start":{"line":7,"column":19},"end":{"line":7,"column":109}},"2":{"start":{"line":10,"column":22},"end":{"line":10,"column":70}},"3":{"start":{"line":13,"column":20},"end":{"line":13,"column":55}},"4":{"start":{"line":16,"column":19},"end":{"line":26,"column":4}},"5":{"start":{"line":17,"column":2},"end":{"line":25,"column":16}},"6":{"start":{"line":20,"column":24},"end":{"line":20,"column":92}},"7":{"start":{"line":21,"column":4},"end":{"line":24,"column":73}}},"fnMap":{"0":{"name":"(anonymous_0)","decl":{"start":{"line":16,"column":20},"end":{"line":16,"column":21}},"loc":{"start":{"line":16,"column":26},"end":{"line":26,"column":1}},"line":16}},"branchMap":{"0":{"loc":{"start":{"line":4,"column":20},"end":{"line":4,"column":99}},"type":"binary-expr","locations":[{"start":{"line":4,"column":20},"end":{"line":4,"column":47}},{"start":{"line":4,"column":51},"end":{"line":4,"column":67}},{"start":{"line":4,"column":71},"end":{"line":4,"column":88}},{"start":{"line":4,"column":92},"end":{"line":4,"column":99}}],"line":4},"1":{"loc":{"start":{"line":7,"column":19},"end":{"line":7,"column":109}},"type":"binary-expr","locations":[{"start":{"line":7,"column":19},"end":{"line":7,"column":30}},{"start":{"line":7,"column":34},"end":{"line":7,"column":60}},{"start":{"line":7,"column":64},"end":{"line":7,"column":79}},{"start":{"line":7,"column":83},"end":{"line":7,"column":99}},{"start":{"line":7,"column":103},"end":{"line":7,"column":109}}],"line":7},"2":{"loc":{"start":{"line":10,"column":22},"end":{"line":10,"column":70}},"type":"binary-expr","locations":[{"start":{"line":10,"column":22},"end":{"line":10,"column":32}},{"start":{"line":10,"column":36},"end":{"line":10,"column":70}}],"line":10},"3":{"loc":{"start":{"line":13,"column":20},"end":{"line":13,"column":55}},"type":"binary-expr","locations":[{"start":{"line":13,"column":20},"end":{"line":13,"column":33}},{"start":{"line":13,"column":37},"end":{"line":13,"column":55}}],"line":13},"4":{"loc":{"start":{"line":20,"column":24},"end":{"line":20,"column":92}},"type":"binary-expr","locations":[{"start":{"line":20,"column":24},"end":{"line":20,"column":34}},{"start":{"line":20,"column":38},"end":{"line":20,"column":56}},{"start":{"line":20,"column":60},"end":{"line":20,"column":92}}],"line":20},"5":{"loc":{"start":{"line":21,"column":11},"end":{"line":24,"column":73}},"type":"cond-expr","locations":[{"start":{"line":22,"column":8},"end":{"line":22,"column":19}},{"start":{"line":24,"column":8},"end":{"line":24,"column":73}}],"line":21},"6":{"loc":{"start":{"line":24,"column":8},"end":{"line":24,"column":73}},"type":"binary-expr","locations":[{"start":{"line":24,"column":8},"end":{"line":24,"column":19}},{"start":{"line":24,"column":23},"end":{"line":24,"column":42}},{"start":{"line":24,"column":46},"end":{"line":24,"column":73}}],"line":24}},"s":{"0":1,"1":1,"2":1,"3":1,"4":1,"5":1,"6":1,"7":1},"f":{"0":1},"b":{"0":[1,1,1,1],"1":[1,1,1,1,1],"2":[1,1],"3":[1,1],"4":[1,1,1],"5":[1,0],"6":[0,0,0]},"_coverageSchema":"1a1c01bbd47fc00a2c39e90264f33305004495a9","hash":"921220a9d7967a255a95113b5d169c9ce1709b85"}
,"/Users/risa/Documents/Courses/SoftwareTestingAssignment/src/.internal/stringToArray.js": {"path":"/Users/risa/Documents/Courses/SoftwareTestingAssignment/src/.internal/stringToArray.js","statementMap":{"0":{"start":{"line":13,"column":2},"end":{"line":15,"column":26}}},"fnMap":{"0":{"name":"stringToArray","decl":{"start":{"line":12,"column":9},"end":{"line":12,"column":22}},"loc":{"start":{"line":12,"column":31},"end":{"line":16,"column":1}},"line":12}},"branchMap":{"0":{"loc":{"start":{"line":13,"column":9},"end":{"line":15,"column":26}},"type":"cond-expr","locations":[{"start":{"line":14,"column":6},"end":{"line":14,"column":28}},{"start":{"line":15,"column":6},"end":{"line":15,"column":26}}],"line":13}},"s":{"0":0},"f":{"0":0},"b":{"0":[0,0]},"_coverageSchema":"1a1c01bbd47fc00a2c39e90264f33305004495a9","hash":"0e47eecc6a1854b479220769d586749a3c9e4d12"}
,"/Users/risa/Documents/Courses/SoftwareTestingAssignment/src/.internal/unicodeToArray.js": {"path":"/Users/risa/Documents/Courses/SoftwareTestingAssignment/src/.internal/unicodeToArray.js","statementMap":{"0":{"start":{"line":2,"column":22},"end":{"line":2,"column":39}},"1":{"start":{"line":3,"column":26},"end":{"line":3,"column":43}},"2":{"start":{"line":4,"column":30},"end":{"line":4,"column":47}},"3":{"start":{"line":5,"column":28},"end":{"line":5,"column":45}},"4":{"start":{"line":6,"column":34},"end":{"line":6,"column":51}},"5":{"start":{"line":7,"column":36},"end":{"line":7,"column":53}},"6":{"start":{"line":8,"column":21},"end":{"line":8,"column":142}},"7":{"start":{"line":9,"column":19},"end":{"line":9,"column":35}},"8":{"start":{"line":12,"column":17},"end":{"line":12,"column":37}},"9":{"start":{"line":13,"column":16},"end":{"line":13,"column":35}},"10":{"start":{"line":14,"column":15},"end":{"line":14,"column":41}},"11":{"start":{"line":15,"column":19},"end":{"line":15,"column":45}},"12":{"start":{"line":16,"column":20},"end":{"line":16,"column":41}},"13":{"start":{"line":17,"column":19},"end":{"line":17,"column":52}},"14":{"start":{"line":18,"column":19},"end":{"line":18,"column":55}},"15":{"start":{"line":19,"column":14},"end":{"line":19,"column":23}},"16":{"start":{"line":22,"column":17},"end":{"line":22,"column":33}},"17":{"start":{"line":23,"column":17},"end":{"line":23,"column":35}},"18":{"start":{"line":24,"column":18},"end":{"line":24,"column":109}},"19":{"start":{"line":25,"column":14},"end":{"line":25,"column":45}},"20":{"start":{"line":26,"column":25},"end":{"line":26,"column":52}},"21":{"start":{"line":27,"column":17},"end":{"line":27,"column":97}},"22":{"start":{"line":30,"column":18},"end":{"line":30,"column":75}},"23":{"start":{"line":40,"column":2},"end":{"line":40,"column":38}}},"fnMap":{"0":{"name":"unicodeToArray","decl":{"start":{"line":39,"column":9},"end":{"line":39,"column":23}},"loc":{"start":{"line":39,"column":32},"end":{"line":41,"column":1}},"line":39}},"branchMap":{"0":{"loc":{"start":{"line":40,"column":9},"end":{"line":40,"column":38}},"type":"binary-expr","locations":[{"start":{"line":40,"column":9},"end":{"line":40,"column":32}},{"start":{"line":40,"column":36},"end":{"line":40,"column":38}}],"line":40}},"s":{"0":1,"1":1,"2":1,"3":1,"4":1,"5":1,"6":1,"7":1,"8":1,"9":1,"10":1,"11":1,"12":1,"13":1,"14":1,"15":1,"16":1,"17":1,"18":1,"19":1,"20":1,"21":1,"22":1,"23":0},"f":{"0":0},"b":{"0":[0,0]},"_coverageSchema":"1a1c01bbd47fc00a2c39e90264f33305004495a9","hash":"f03cdaf8d51c915ac9edc167511ee3d1c588a8e6"}
}
