TN:
SF:src/add.js
FN:16,(anonymous_0)
FNF:1
FNH:1
FNDA:1,(anonymous_0)
DA:16,1
LF:1
LH:1
BRF:0
BRH:0
end_of_record
TN:
SF:src/castArray.js
FN:33,castArray
FNF:1
FNH:1
FNDA:6,castArray
DA:34,6
DA:35,6
LF:2
LH:2
BRDA:35,0,0,1
BRDA:35,0,1,5
BRF:2
BRH:2
end_of_record
TN:
SF:src/clamp.js
FN:18,clamp
FNF:1
FNH:1
FNDA:1,clamp
DA:19,1
DA:20,1
DA:21,1
DA:22,1
DA:23,1
DA:24,1
DA:25,1
DA:26,1
DA:28,1
LF:9
LH:9
BRDA:22,0,0,1
BRDA:22,0,1,0
BRDA:23,1,0,1
BRDA:23,1,1,0
BRDA:24,2,0,1
BRDA:24,2,1,0
BRDA:25,3,0,0
BRDA:25,3,1,1
BRDA:26,4,0,0
BRDA:26,4,1,1
BRF:10
BRH:5
end_of_record
TN:
SF:src/compact.js
FN:14,compact
FNF:1
FNH:0
FNDA:0,compact
DA:15,0
DA:16,0
DA:18,0
DA:19,0
DA:20,0
DA:23,0
LF:6
LH:0
BRDA:19,0,0,0
BRDA:19,0,1,0
BRF:2
BRH:0
end_of_record
TN:
SF:src/endsWith.js
FN:23,endsWith
FNF:1
FNH:1
FNDA:4,endsWith
DA:24,4
DA:25,4
DA:26,4
DA:27,0
DA:29,4
DA:30,1
DA:32,4
DA:33,4
DA:34,4
LF:9
LH:8
BRDA:25,0,0,2
BRDA:25,0,1,2
BRDA:26,1,0,0
BRDA:26,1,1,4
BRDA:26,2,0,4
BRDA:26,2,1,4
BRDA:29,3,0,1
BRDA:29,3,1,3
BRDA:34,4,0,4
BRDA:34,4,1,4
BRF:10
BRH:9
end_of_record
TN:
SF:src/every.js
FN:22,every
FNF:1
FNH:1
FNDA:2,every
DA:23,2
DA:24,2
DA:26,2
DA:27,7
DA:28,1
DA:31,1
LF:6
LH:6
BRDA:24,0,0,0
BRDA:24,0,1,2
BRDA:27,1,0,1
BRDA:27,1,1,6
BRF:4
BRH:3
end_of_record
TN:
SF:src/filter.js
FN:24,filter
FNF:1
FNH:1
FNDA:2,filter
DA:25,2
DA:26,2
DA:27,2
DA:28,2
DA:30,2
DA:31,4
DA:32,4
DA:33,2
DA:36,2
LF:9
LH:9
BRDA:27,0,0,0
BRDA:27,0,1,2
BRDA:32,1,0,2
BRDA:32,1,1,2
BRF:4
BRH:3
end_of_record
TN:
SF:src/isBoolean.js
FN:19,isBoolean
FNF:1
FNH:1
FNDA:5,isBoolean
DA:20,5
LF:1
LH:1
BRDA:20,0,0,5
BRDA:20,0,1,4
BRDA:20,0,2,3
BRDA:20,0,3,1
BRF:4
BRH:4
end_of_record
TN:
SF:src/isDate.js
FN:24,(anonymous_0)
FN:25,(anonymous_1)
FNF:2
FNH:1
FNDA:2,(anonymous_0)
FNDA:0,(anonymous_1)
DA:6,1
DA:23,1
DA:24,2
DA:25,0
LF:4
LH:3
BRDA:6,0,0,1
BRDA:6,0,1,1
BRDA:23,1,0,1
BRDA:23,1,1,0
BRDA:25,2,0,0
BRDA:25,2,1,0
BRF:6
BRH:3
end_of_record
TN:
SF:src/isObjectLike.js
FN:23,isObjectLike
FNF:1
FNH:1
FNDA:3,isObjectLike
DA:24,3
LF:1
LH:1
BRDA:24,0,0,3
BRDA:24,0,1,2
BRF:2
BRH:2
end_of_record
TN:
SF:src/isSymbol.js
FN:18,isSymbol
FNF:1
FNH:0
FNDA:0,isSymbol
DA:19,0
DA:20,0
LF:2
LH:0
BRDA:20,0,0,0
BRDA:20,0,1,0
BRDA:20,0,2,0
BRDA:20,0,3,0
BRF:4
BRH:0
end_of_record
TN:
SF:src/slice.js
FN:21,slice
FNF:1
FNH:0
FNDA:0,slice
DA:22,0
DA:23,0
DA:24,0
DA:26,0
DA:27,0
DA:29,0
DA:30,0
DA:32,0
DA:33,0
DA:35,0
DA:36,0
DA:38,0
DA:39,0
DA:40,0
DA:41,0
DA:43,0
LF:16
LH:0
BRDA:22,0,0,0
BRDA:22,0,1,0
BRDA:23,1,0,0
BRDA:23,1,1,0
BRDA:26,2,0,0
BRDA:26,2,1,0
BRDA:27,3,0,0
BRDA:27,3,1,0
BRDA:29,4,0,0
BRDA:29,4,1,0
BRDA:30,5,0,0
BRDA:30,5,1,0
BRDA:32,6,0,0
BRDA:32,6,1,0
BRDA:35,7,0,0
BRDA:35,7,1,0
BRF:16
BRH:0
end_of_record
TN:
SF:src/upperFirst.js
FNF:0
FNH:0
DA:19,1
LF:1
LH:1
BRF:0
BRH:0
end_of_record
TN:
SF:src/.internal/asciiToArray.js
FN:8,asciiToArray
FNF:1
FNH:0
FNDA:0,asciiToArray
DA:9,0
LF:1
LH:0
BRF:0
BRH:0
end_of_record
TN:
SF:src/.internal/baseToNumber.js
FN:14,baseToNumber
FNF:1
FNH:1
FNDA:2,baseToNumber
DA:4,1
DA:15,2
DA:16,2
DA:18,0
DA:19,0
DA:21,0
LF:6
LH:3
BRDA:15,0,0,2
BRDA:15,0,1,0
BRDA:18,1,0,0
BRDA:18,1,1,0
BRF:4
BRH:1
end_of_record
TN:
SF:src/.internal/baseToString.js
FN:17,baseToString
FNF:1
FNH:0
FNDA:0,baseToString
DA:4,1
DA:7,1
DA:19,0
DA:20,0
DA:22,0
DA:24,0
DA:26,0
DA:27,0
DA:29,0
DA:30,0
LF:10
LH:2
BRDA:19,0,0,0
BRDA:19,0,1,0
BRDA:22,1,0,0
BRDA:22,1,1,0
BRDA:26,2,0,0
BRDA:26,2,1,0
BRDA:27,3,0,0
BRDA:27,3,1,0
BRDA:30,4,0,0
BRDA:30,4,1,0
BRDA:30,5,0,0
BRDA:30,5,1,0
BRF:12
BRH:0
end_of_record
TN:
SF:src/.internal/castSlice.js
FN:12,castSlice
FNF:1
FNH:0
FNDA:0,castSlice
DA:13,0
DA:14,0
DA:15,0
LF:3
LH:0
BRDA:14,0,0,0
BRDA:14,0,1,0
BRDA:15,1,0,0
BRDA:15,1,1,0
BRDA:15,2,0,0
BRDA:15,2,1,0
BRF:6
BRH:0
end_of_record
TN:
SF:src/.internal/createCaseFirst.js
FN:12,createCaseFirst
FN:13,(anonymous_1)
FNF:2
FNH:2
FNDA:1,createCaseFirst
FNDA:2,(anonymous_1)
DA:13,1
DA:14,2
DA:15,0
DA:18,2
DA:22,2
DA:26,2
DA:30,2
LF:7
LH:6
BRDA:14,0,0,0
BRDA:14,0,1,2
BRDA:18,1,0,0
BRDA:18,1,1,2
BRDA:22,2,0,0
BRDA:22,2,1,2
BRDA:26,3,0,0
BRDA:26,3,1,2
BRF:8
BRH:4
end_of_record
TN:
SF:src/.internal/createMathOperation.js
FN:12,createMathOperation
FN:13,(anonymous_1)
FNF:2
FNH:2
FNDA:1,createMathOperation
FNDA:1,(anonymous_1)
DA:13,1
DA:14,1
DA:15,0
DA:17,1
DA:18,0
DA:20,1
DA:21,0
DA:23,1
DA:24,0
DA:25,0
DA:28,1
DA:29,1
DA:31,1
LF:13
LH:8
BRDA:14,0,0,0
BRDA:14,0,1,1
BRDA:14,1,0,1
BRDA:14,1,1,0
BRDA:17,2,0,0
BRDA:17,2,1,1
BRDA:17,3,0,1
BRDA:17,3,1,1
BRDA:20,4,0,0
BRDA:20,4,1,1
BRDA:20,5,0,1
BRDA:20,5,1,1
BRDA:23,6,0,0
BRDA:23,6,1,1
BRDA:23,7,0,1
BRDA:23,7,1,1
BRF:16
BRH:11
end_of_record
TN:
SF:src/.internal/freeGlobal.js
FNF:0
FNH:0
DA:2,1
LF:1
LH:1
BRDA:2,0,0,1
BRDA:2,0,1,1
BRDA:2,0,2,1
BRDA:2,0,3,1
BRF:4
BRH:4
end_of_record
TN:
SF:src/.internal/getTag.js
FN:10,getTag
FNF:1
FNH:1
FNDA:1,getTag
DA:1,3
DA:11,1
DA:12,0
DA:14,1
LF:4
LH:3
BRDA:11,0,0,0
BRDA:11,0,1,1
BRDA:12,1,0,0
BRDA:12,1,1,0
BRF:4
BRH:1
end_of_record
TN:
SF:src/.internal/hasUnicode.js
FN:24,hasUnicode
FNF:1
FNH:1
FNDA:2,hasUnicode
DA:2,1
DA:3,1
DA:4,1
DA:5,1
DA:6,1
DA:7,1
DA:8,1
DA:9,1
DA:12,1
DA:15,1
DA:25,2
LF:11
LH:11
BRF:0
BRH:0
end_of_record
TN:
SF:src/.internal/nodeTypes.js
FN:16,(anonymous_0)
FNF:1
FNH:1
FNDA:1,(anonymous_0)
DA:4,1
DA:7,1
DA:10,1
DA:13,1
DA:16,1
DA:17,1
DA:20,1
DA:21,1
LF:8
LH:8
BRDA:4,0,0,1
BRDA:4,0,1,1
BRDA:4,0,2,1
BRDA:4,0,3,1
BRDA:7,1,0,1
BRDA:7,1,1,1
BRDA:7,1,2,1
BRDA:7,1,3,1
BRDA:7,1,4,1
BRDA:10,2,0,1
BRDA:10,2,1,1
BRDA:13,3,0,1
BRDA:13,3,1,1
BRDA:20,4,0,1
BRDA:20,4,1,1
BRDA:20,4,2,1
BRDA:21,5,0,1
BRDA:21,5,1,0
BRDA:24,6,0,0
BRDA:24,6,1,0
BRDA:24,6,2,0
BRF:21
BRH:17
end_of_record
TN:
SF:src/.internal/stringToArray.js
FN:12,stringToArray
FNF:1
FNH:0
FNDA:0,stringToArray
DA:13,0
LF:1
LH:0
BRDA:13,0,0,0
BRDA:13,0,1,0
BRF:2
BRH:0
end_of_record
TN:
SF:src/.internal/unicodeToArray.js
FN:39,unicodeToArray
FNF:1
FNH:0
FNDA:0,unicodeToArray
DA:2,1
DA:3,1
DA:4,1
DA:5,1
DA:6,1
DA:7,1
DA:8,1
DA:9,1
DA:12,1
DA:13,1
DA:14,1
DA:15,1
DA:16,1
DA:17,1
DA:18,1
DA:19,1
DA:22,1
DA:23,1
DA:24,1
DA:25,1
DA:26,1
DA:27,1
DA:30,1
DA:40,0
LF:24
LH:23
BRDA:40,0,0,0
BRDA:40,0,1,0
BRF:2
BRH:0
end_of_record
